[debug] > Exec(early(addDefaultCommands), None, None)
[debug] > Exec(addDefaultCommands, None, None)
[debug] > Exec(early(initialize), None, None)
[debug] > Exec(initialize, None, None)
[debug] > Exec(boot, None, None)
[debug] > Exec(writeSbtVersion, None, None)
[debug] > Exec(reload, None, None)
[debug] > Exec(sbtStashOnFailure, None, None)
[debug] > Exec(onFailure loadFailed, None, None)
[debug] > Exec(loadp, None, None)
[info] welcome to sbt 1.9.9 (Oracle Corporation Java 1.8.0_202)
[debug] Load.defaultLoad until apply took 160.5927ms
[debug]           Load.loadUnit: plugins took 128.7755ms
[debug]           Load.loadUnit: defsScala took 0.4344ms
[debug] [Loading] Scanning directory D:\ITI\Scala\Scala Projects\Day1\ScalaCode-20240503T072156Z-001\ScalaCode\project
[debug] [Loading] Found non-root projects 
[debug] [Loading] Done in D:\ITI\Scala\Scala Projects\Day1\ScalaCode-20240503T072156Z-001\ScalaCode\project, returning: ()
[debug] deducing auto plugins based on known facts Set(Atom(sbt.plugins.CorePlugin)) and clauses Clauses(Clause(Atom(sbt.plugins.JvmPlugin),Set(Atom(sbt.plugins.IvyPlugin)))
[debug] Clause(Atom(sbt.ScriptedPlugin),Set(Atom(sbt.plugins.JvmPlugin)))
[debug] Clause(Atom(sbt.plugins.SbtPlugin),Set(Atom(sbt.ScriptedPlugin)))
[debug] Clause(Atom(sbt.plugins.SemanticdbPlugin),Set(Atom(sbt.plugins.JvmPlugin)))
[debug] Clause(Atom(sbt.plugins.JUnitXmlReportPlugin),Set(Atom(sbt.plugins.JvmPlugin)))
[debug] Clause(Atom(sbt.plugins.MiniDependencyTreePlugin),Set(Atom(sbt.plugins.JvmPlugin)))
[debug] Clause(Atom(sbt.plugins.CorePlugin),Set(Atom(sbt.plugins.IvyPlugin)))
[debug] Clause(Atom(sbt.plugins.IvyPlugin),Set(Atom(sbt.plugins.JvmPlugin)))
[debug] Clause(Atom(sbt.plugins.JvmPlugin),Set(Atom(sbt.plugins.SemanticdbPlugin)))
[debug] Clause(Atom(sbt.plugins.JvmPlugin),Set(Atom(sbt.plugins.JUnitXmlReportPlugin)))
[debug] Clause(Atom(sbt.plugins.CorePlugin),Set(Atom(sbt.plugins.Giter8TemplatePlugin)))
[debug] Clause(Atom(sbt.plugins.JvmPlugin),Set(Atom(sbt.plugins.MiniDependencyTreePlugin))))
[debug]   :: deduced result: Matched(sbt.plugins.CorePlugin,sbt.plugins.Giter8TemplatePlugin,sbt.plugins.IvyPlugin,sbt.plugins.JvmPlugin,sbt.plugins.MiniDependencyTreePlugin,sbt.plugins.JUnitXmlReportPlugin,sbt.plugins.SemanticdbPlugin)
[debug] Plugins.deducer#function took 19.7196 ms
[debug]               Load.resolveProject(scalacode-build) took 50.3042ms
[debug]             Load.loadTransitive: finalizeProject(Project(id scalacode-build, base: D:\ITI\Scala\Scala Projects\Day1\ScalaCode-20240503T072156Z-001\ScalaCode\project, plugins: List(<none>))) took 100.7893ms
[debug] [Loading] Done in D:\ITI\Scala\Scala Projects\Day1\ScalaCode-20240503T072156Z-001\ScalaCode\project, returning: (scalacode-build)
[debug]           Load.loadUnit: loadedProjectsRaw took 130.3446ms
[debug]           Load.loadUnit: cleanEvalClasses took 0.2354ms
[debug]         Load.loadUnit(file:/D:/ITI/Scala/Scala%20Projects/Day1/ScalaCode-20240503T072156Z-001/ScalaCode/project/, ...) took 266.6755ms
[debug]       Load.apply: load took 691.8493ms
[debug]       Load.apply: resolveProjects took 8.4425ms
[debug]       Load.apply: finalTransforms took 74.6077ms
[debug]       Load.apply: config.delegates took 10.095ms
[debug]       Load.apply: Def.make(settings)... took 379.0785ms
[debug]       Load.apply: structureIndex took 91.9227ms
[debug]       Load.apply: mkStreams took 2.2215ms
[info] loading project definition from D:\ITI\Scala\Scala Projects\Day1\ScalaCode-20240503T072156Z-001\ScalaCode\project
[debug] Running task... Cancel: Signal, check cycles: false, forcegc: true
[debug]     Load.loadUnit: plugins took 3579.6569ms
[debug]     Load.loadUnit: defsScala took 0.0043ms
[debug] [Loading] Scanning directory D:\ITI\Scala\Scala Projects\Day1\ScalaCode-20240503T072156Z-001\ScalaCode
[debug]       Load.loadUnit: mkEval took 10.4999ms
